tempcsdk/platforms/android/app/build/outputs/logs/manifest-merger-debug-report.txt
-- Merging decision tree log ---
manifest
ADDED from android/app/AndroidManifest.xml:2:1-43:12
INJECTED from android/app/AndroidManifest.xml:2:1-43:12
INJECTED from android/app/AndroidManifest.xml:2:1-43:12
INJECTED from android/app/AndroidManifest.xml:2:1-43:12
MERGED from [com.android.support:multidex:1.0.2] AndroidManifest.xml:17:1-22:12
MERGED from [com.adobe.creativesdk:image:4.6.3] AndroidManifest.xml:2:1-146:12
MERGED from [com.adobe.creativesdk.foundation:auth:0.9.1186] AndroidManifest.xml:2:1-52:12
MERGED from [com.localytics.android:library:3.8.0] AndroidManifest.xml:2:1-13:12
MERGED from [:CordovaLib] AndroidManifest.xml:20:1-27:12
MERGED from [com.github.fengdai:alertdialogpro-theme-material:0.2.6] AndroidManifest.xml:2:1-12:12
MERGED from [com.github.fengdai:alertdialogpro-core:0.2.6] AndroidManifest.xml:2:1-12:12
MERGED from [it.sephiroth.android.library.targettooltip:target-tooltip-library:1.3.14] AndroidManifest.xml:2:1-15:12
MERGED from [it.sephiroth:rxbroadcast:0.0.2] AndroidManifest.xml:2:1-8:12
MERGED from [com.trello:rxlifecycle-components:0.6.1] AndroidManifest.xml:13:1-19:12
MERGED from [com.jakewharton.rxbinding:rxbinding-appcompat-v7:0.4.0] AndroidManifest.xml:2:1-8:12
MERGED from [com.adobe.creativesdk:image-native:1.1.335] AndroidManifest.xml:2:1-14:12
MERGED from [com.adobe.creativesdk.android.shared.common:common-ui:1.1.5] AndroidManifest.xml:2:1-13:12
MERGED from [com.android.support:design:23.4.0] AndroidManifest.xml:17:1-24:12
MERGED from [com.android.support:appcompat-v7:24.2.1] AndroidManifest.xml:17:1-27:12
MERGED from [com.birbit:android-priority-jobqueue:2.0.0-beta2] AndroidManifest.xml:2:1-16:12
MERGED from [com.sothree.slidinguppanel:library:3.0.0] AndroidManifest.xml:2:1-11:12
MERGED from [it.sephiroth.android.library.viewrevealanimator:view-reveal-animator:1.1.4] AndroidManifest.xml:2:1-14:12
MERGED from [com.jakewharton.rxbinding:rxbinding-support-v4:0.4.0] AndroidManifest.xml:2:1-8:12
MERGED from [com.android.support:palette-v7:23.4.0] AndroidManifest.xml:17:1-25:12
MERGED from [com.timehop.stickyheadersrecyclerview:library:0.4.3] AndroidManifest.xml:2:1-14:12
MERGED from [com.android.support:recyclerview-v7:23.4.0] AndroidManifest.xml:17:1-22:12
MERGED from [com.adobe.creativesdk.android.shared:android-shared:0.0.6] AndroidManifest.xml:2:1-14:12
MERGED from [com.google.android.gms:play-services-base:8.4.0] AndroidManifest.xml:16:1-19:12
MERGED from [com.google.android.gms:play-services-basement:8.4.0] AndroidManifest.xml:16:1-26:12
MERGED from [com.android.support:support-v4:24.2.1] AndroidManifest.xml:17:1-27:12
MERGED from [it.sephiroth.android.exif:android-exif-extended:1.0.6] AndroidManifest.xml:2:1-14:12
MERGED from [it.sephiroth.android.library.disklrumulticache:disklrumulticache:1.0.8] AndroidManifest.xml:2:1-15:12
MERGED from [it.sephiroth.android.library.picasso:picasso:2.5.2.4b] AndroidManifest.xml:2:1-13:12
MERGED from [com.trello:rxlifecycle:0.6.1] AndroidManifest.xml:13:1-19:12
MERGED from [com.jakewharton.rxbinding:rxbinding:0.4.0] AndroidManifest.xml:2:1-8:12
MERGED from [io.reactivex:rxandroid:1.2.0] AndroidManifest.xml:15:1-21:12
MERGED from [com.getbase:floatingactionbutton:1.10.0] AndroidManifest.xml:2:1-14:12
MERGED from [de.hdodenhof:circleimageview:2.0.0] AndroidManifest.xml:2:1-11:12
MERGED from [com.android.support:cardview-v7:23.4.0] AndroidManifest.xml:17:1-24:12
MERGED from [it.sephiroth.android.library.imagezoom:imagezoom:2.2.5] AndroidManifest.xml:2:1-13:12
MERGED from [it.sephiroth.android.library.ab:ab-test:2.0.5] AndroidManifest.xml:2:1-13:12
MERGED from [com.infstory:proguard-annotations:1.0.2] AndroidManifest.xml:2:1-13:12
MERGED from [com.android.support:support-fragment:24.2.1] AndroidManifest.xml:17:1-27:12
MERGED from [com.android.support:support-media-compat:24.2.1] AndroidManifest.xml:17:1-27:12
MERGED from [com.android.support:support-core-utils:24.2.1] AndroidManifest.xml:17:1-27:12
MERGED from [com.android.support:support-core-ui:24.2.1] AndroidManifest.xml:17:1-27:12
MERGED from [com.android.support:animated-vector-drawable:24.2.1] AndroidManifest.xml:17:1-24:12
MERGED from [com.android.support:support-vector-drawable:24.2.1] AndroidManifest.xml:17:1-25:12
MERGED from [com.android.support:support-compat:24.2.1] AndroidManifest.xml:17:1-27:12
INJECTED from android/app/AndroidManifest.xml:2:1-43:12
INJECTED from android/app/AndroidManifest.xml:2:1-43:12
INJECTED from android/app/AndroidManifest.xml:2:1-43:12
	package
		ADDED from android/app/AndroidManifest.xml:4:5-38
		INJECTED from android/app/AndroidManifest.xml
		INJECTED from android/app/AndroidManifest.xml
	android:versionName
		ADDED from android/app/AndroidManifest.xml:7:5-32
		INJECTED from android/app/AndroidManifest.xml
		INJECTED from android/app/AndroidManifest.xml
	xmlns:tools
		ADDED from android/app/AndroidManifest.xml:3:5-51
	android:hardwareAccelerated
		ADDED from android/app/AndroidManifest.xml:5:5-39
	xmlns:android
		ADDED from android/app/AndroidManifest.xml:2:11-69
	android:versionCode
		ADDED from android/app/AndroidManifest.xml:6:5-32
		INJECTED from android/app/AndroidManifest.xml
		INJECTED from android/app/AndroidManifest.xml
supports-screens
ADDED from android/app/AndroidManifest.xml:9:5-16:48
MERGED from [com.adobe.creativesdk:image:4.6.3] AndroidManifest.xml:12:5-16:40
MERGED from [com.adobe.creativesdk:image:4.6.3] AndroidManifest.xml:12:5-16:40
	android:largeScreens
		ADDED from android/app/AndroidManifest.xml:11:9-36
	android:smallScreens
		ADDED from android/app/AndroidManifest.xml:14:9-36
		REJECTED from [com.adobe.creativesdk:image:4.6.3] AndroidManifest.xml:15:9-37
	android:normalScreens
		ADDED from android/app/AndroidManifest.xml:12:9-37
	android:xlargeScreens
		ADDED from android/app/AndroidManifest.xml:15:9-37
	android:resizeable
		ADDED from android/app/AndroidManifest.xml:13:9-34
	android:anyDensity
		ADDED from android/app/AndroidManifest.xml:10:9-34
	tools:replace
		ADDED from android/app/AndroidManifest.xml:16:9-45
uses-permission#android.permission.INTERNET
ADDED from android/app/AndroidManifest.xml:17:5-67
MERGED from [com.adobe.creativesdk:image:4.6.3] AndroidManifest.xml:19:5-67
MERGED from [com.adobe.creativesdk:image:4.6.3] AndroidManifest.xml:19:5-67
MERGED from [com.adobe.creativesdk.foundation:auth:0.9.1186] AndroidManifest.xml:11:5-67
MERGED from [com.adobe.creativesdk.foundation:auth:0.9.1186] AndroidManifest.xml:11:5-67
MERGED from [com.birbit:android-priority-jobqueue:2.0.0-beta2] AndroidManifest.xml:13:5-67
MERGED from [com.birbit:android-priority-jobqueue:2.0.0-beta2] AndroidManifest.xml:13:5-67
	android:name
		ADDED from android/app/AndroidManifest.xml:17:22-64
application
ADDED from android/app/AndroidManifest.xml:18:5-36:19
MERGED from [com.adobe.creativesdk:image:4.6.3] AndroidManifest.xml:29:5-144:19
MERGED from [com.adobe.creativesdk:image:4.6.3] AndroidManifest.xml:29:5-144:19
MERGED from [com.adobe.creativesdk.foundation:auth:0.9.1186] AndroidManifest.xml:21:5-50:19
MERGED from [com.adobe.creativesdk.foundation:auth:0.9.1186] AndroidManifest.xml:21:5-50:19
MERGED from [it.sephiroth.android.library.targettooltip:target-tooltip-library:1.3.14] AndroidManifest.xml:12:5-13:19
MERGED from [it.sephiroth.android.library.targettooltip:target-tooltip-library:1.3.14] AndroidManifest.xml:12:5-13:19
MERGED from [com.adobe.creativesdk:image-native:1.1.335] AndroidManifest.xml:11:5-12:19
MERGED from [com.adobe.creativesdk:image-native:1.1.335] AndroidManifest.xml:11:5-12:19
MERGED from [com.adobe.creativesdk.android.shared.common:common-ui:1.1.5] AndroidManifest.xml:11:5-20
MERGED from [com.adobe.creativesdk.android.shared.common:common-ui:1.1.5] AndroidManifest.xml:11:5-20
MERGED from [com.android.support:design:23.4.0] AndroidManifest.xml:22:5-20
MERGED from [com.android.support:design:23.4.0] AndroidManifest.xml:22:5-20
MERGED from [com.android.support:appcompat-v7:24.2.1] AndroidManifest.xml:25:5-20
MERGED from [com.android.support:appcompat-v7:24.2.1] AndroidManifest.xml:25:5-20
MERGED from [com.sothree.slidinguppanel:library:3.0.0] AndroidManifest.xml:9:5-20
MERGED from [com.sothree.slidinguppanel:library:3.0.0] AndroidManifest.xml:9:5-20
MERGED from [it.sephiroth.android.library.viewrevealanimator:view-reveal-animator:1.1.4] AndroidManifest.xml:11:5-12:19
MERGED from [it.sephiroth.android.library.viewrevealanimator:view-reveal-animator:1.1.4] AndroidManifest.xml:11:5-12:19
MERGED from [com.android.support:palette-v7:23.4.0] AndroidManifest.xml:22:5-23:19
MERGED from [com.android.support:palette-v7:23.4.0] AndroidManifest.xml:22:5-23:19
MERGED from [com.timehop.stickyheadersrecyclerview:library:0.4.3] AndroidManifest.xml:12:5-20
MERGED from [com.timehop.stickyheadersrecyclerview:library:0.4.3] AndroidManifest.xml:12:5-20
MERGED from [com.adobe.creativesdk.android.shared:android-shared:0.0.6] AndroidManifest.xml:12:5-20
MERGED from [com.adobe.creativesdk.android.shared:android-shared:0.0.6] AndroidManifest.xml:12:5-20
MERGED from [com.google.android.gms:play-services-basement:8.4.0] AndroidManifest.xml:20:5-24:19
MERGED from [com.google.android.gms:play-services-basement:8.4.0] AndroidManifest.xml:20:5-24:19
MERGED from [com.android.support:support-v4:24.2.1] AndroidManifest.xml:25:5-20
MERGED from [com.android.support:support-v4:24.2.1] AndroidManifest.xml:25:5-20
MERGED from [it.sephiroth.android.exif:android-exif-extended:1.0.6] AndroidManifest.xml:11:5-12:19
MERGED from [it.sephiroth.android.exif:android-exif-extended:1.0.6] AndroidManifest.xml:11:5-12:19
MERGED from [it.sephiroth.android.library.disklrumulticache:disklrumulticache:1.0.8] AndroidManifest.xml:12:5-13:19
MERGED from [it.sephiroth.android.library.disklrumulticache:disklrumulticache:1.0.8] AndroidManifest.xml:12:5-13:19
MERGED from [it.sephiroth.android.library.picasso:picasso:2.5.2.4b] AndroidManifest.xml:11:5-20
MERGED from [it.sephiroth.android.library.picasso:picasso:2.5.2.4b] AndroidManifest.xml:11:5-20
MERGED from [com.getbase:floatingactionbutton:1.10.0] AndroidManifest.xml:12:5-20
MERGED from [com.getbase:floatingactionbutton:1.10.0] AndroidManifest.xml:12:5-20
MERGED from [de.hdodenhof:circleimageview:2.0.0] AndroidManifest.xml:9:5-20
MERGED from [de.hdodenhof:circleimageview:2.0.0] AndroidManifest.xml:9:5-20
MERGED from [com.android.support:cardview-v7:23.4.0] AndroidManifest.xml:22:5-20
MERGED from [com.android.support:cardview-v7:23.4.0] AndroidManifest.xml:22:5-20
MERGED from [it.sephiroth.android.library.imagezoom:imagezoom:2.2.5] AndroidManifest.xml:11:5-20
MERGED from [it.sephiroth.android.library.imagezoom:imagezoom:2.2.5] AndroidManifest.xml:11:5-20
MERGED from [it.sephiroth.android.library.ab:ab-test:2.0.5] AndroidManifest.xml:11:5-20
MERGED from [it.sephiroth.android.library.ab:ab-test:2.0.5] AndroidManifest.xml:11:5-20
MERGED from [com.infstory:proguard-annotations:1.0.2] AndroidManifest.xml:11:5-20
MERGED from [com.infstory:proguard-annotations:1.0.2] AndroidManifest.xml:11:5-20
MERGED from [com.android.support:support-fragment:24.2.1] AndroidManifest.xml:25:5-20
MERGED from [com.android.support:support-fragment:24.2.1] AndroidManifest.xml:25:5-20
MERGED from [com.android.support:support-media-compat:24.2.1] AndroidManifest.xml:25:5-20
MERGED from [com.android.support:support-media-compat:24.2.1] AndroidManifest.xml:25:5-20
MERGED from [com.android.support:support-core-utils:24.2.1] AndroidManifest.xml:25:5-20
MERGED from [com.android.support:support-core-utils:24.2.1] AndroidManifest.xml:25:5-20
MERGED from [com.android.support:support-core-ui:24.2.1] AndroidManifest.xml:25:5-20
MERGED from [com.android.support:support-core-ui:24.2.1] AndroidManifest.xml:25:5-20
MERGED from [com.android.support:animated-vector-drawable:24.2.1] AndroidManifest.xml:22:5-20
MERGED from [com.android.support:animated-vector-drawable:24.2.1] AndroidManifest.xml:22:5-20
MERGED from [com.android.support:support-vector-drawable:24.2.1] AndroidManifest.xml:23:5-20
MERGED from [com.android.support:support-vector-drawable:24.2.1] AndroidManifest.xml:23:5-20
MERGED from [com.android.support:support-compat:24.2.1] AndroidManifest.xml:25:5-20
MERGED from [com.android.support:support-compat:24.2.1] AndroidManifest.xml:25:5-20
	android:supportsRtl
		ADDED from android/app/AndroidManifest.xml:23:9-35
	android:label
		ADDED from android/app/AndroidManifest.xml:21:9-41
	android:hardwareAccelerated
		ADDED from android/app/AndroidManifest.xml:19:9-43
	android:icon
		ADDED from android/app/AndroidManifest.xml:20:9-36
	android:name
		ADDED from android/app/AndroidManifest.xml:22:9-71
activity#com.phonegap.helloworld.MainActivity
ADDED from android/app/AndroidManifest.xml:24:9-35:20
	android:label
		ADDED from android/app/AndroidManifest.xml:27:13-50
	android:launchMode
		ADDED from android/app/AndroidManifest.xml:28:13-43
	android:windowSoftInputMode
		ADDED from android/app/AndroidManifest.xml:30:13-55
	android:configChanges
		ADDED from android/app/AndroidManifest.xml:26:13-90
	android:theme
		ADDED from android/app/AndroidManifest.xml:29:13-75
	android:name
		ADDED from android/app/AndroidManifest.xml:25:13-40
intent-filter#android.intent.action.MAIN+android.intent.category.LAUNCHER
ADDED from android/app/AndroidManifest.xml:31:13-34:29
	android:label
		ADDED from android/app/AndroidManifest.xml:31:28-65
action#android.intent.action.MAIN
ADDED from android/app/AndroidManifest.xml:32:17-69
	android:name
		ADDED from android/app/AndroidManifest.xml:32:25-66
category#android.intent.category.LAUNCHER
ADDED from android/app/AndroidManifest.xml:33:17-77
	android:name
		ADDED from android/app/AndroidManifest.xml:33:27-74
uses-sdk
ADDED from android/app/AndroidManifest.xml:37:5-39:41
INJECTED from android/app/AndroidManifest.xml:37:5-39:41
MERGED from [com.android.support:multidex:1.0.2] AndroidManifest.xml:20:5-43
MERGED from [com.android.support:multidex:1.0.2] AndroidManifest.xml:20:5-43
MERGED from [com.adobe.creativesdk:image:4.6.3] AndroidManifest.xml:7:5-9:41
MERGED from [com.adobe.creativesdk:image:4.6.3] AndroidManifest.xml:7:5-9:41
MERGED from [com.adobe.creativesdk.foundation:auth:0.9.1186] AndroidManifest.xml:7:5-9:41
MERGED from [com.adobe.creativesdk.foundation:auth:0.9.1186] AndroidManifest.xml:7:5-9:41
MERGED from [com.localytics.android:library:3.8.0] AndroidManifest.xml:7:5-9:41
MERGED from [com.localytics.android:library:3.8.0] AndroidManifest.xml:7:5-9:41
MERGED from [:CordovaLib] AndroidManifest.xml:25:5-44
MERGED from [:CordovaLib] AndroidManifest.xml:25:5-44
MERGED from [com.github.fengdai:alertdialogpro-theme-material:0.2.6] AndroidManifest.xml:8:5-10:41
MERGED from [com.github.fengdai:alertdialogpro-theme-material:0.2.6] AndroidManifest.xml:8:5-10:41
MERGED from [com.github.fengdai:alertdialogpro-core:0.2.6] AndroidManifest.xml:8:5-10:41
MERGED from [com.github.fengdai:alertdialogpro-core:0.2.6] AndroidManifest.xml:8:5-10:41
MERGED from [it.sephiroth.android.library.targettooltip:target-tooltip-library:1.3.14] AndroidManifest.xml:8:5-10:41
MERGED from [it.sephiroth.android.library.targettooltip:target-tooltip-library:1.3.14] AndroidManifest.xml:8:5-10:41
MERGED from [it.sephiroth:rxbroadcast:0.0.2] AndroidManifest.xml:6:5-44
MERGED from [it.sephiroth:rxbroadcast:0.0.2] AndroidManifest.xml:6:5-44
MERGED from [com.trello:rxlifecycle-components:0.6.1] AndroidManifest.xml:17:5-44
MERGED from [com.trello:rxlifecycle-components:0.6.1] AndroidManifest.xml:17:5-44
MERGED from [com.jakewharton.rxbinding:rxbinding-appcompat-v7:0.4.0] AndroidManifest.xml:6:5-44
MERGED from [com.jakewharton.rxbinding:rxbinding-appcompat-v7:0.4.0] AndroidManifest.xml:6:5-44
MERGED from [com.adobe.creativesdk:image-native:1.1.335] AndroidManifest.xml:7:5-9:41
MERGED from [com.adobe.creativesdk:image-native:1.1.335] AndroidManifest.xml:7:5-9:41
MERGED from [com.adobe.creativesdk.android.shared.common:common-ui:1.1.5] AndroidManifest.xml:7:5-9:41
MERGED from [com.adobe.creativesdk.android.shared.common:common-ui:1.1.5] AndroidManifest.xml:7:5-9:41
MERGED from [com.android.support:design:23.4.0] AndroidManifest.xml:20:5-43
MERGED from [com.android.support:design:23.4.0] AndroidManifest.xml:20:5-43
MERGED from [com.android.support:appcompat-v7:24.2.1] AndroidManifest.xml:21:5-23:78
MERGED from [com.android.support:appcompat-v7:24.2.1] AndroidManifest.xml:21:5-23:78
MERGED from [com.birbit:android-priority-jobqueue:2.0.0-beta2] AndroidManifest.xml:8:5-11:155
MERGED from [com.birbit:android-priority-jobqueue:2.0.0-beta2] AndroidManifest.xml:8:5-11:155
MERGED from [com.sothree.slidinguppanel:library:3.0.0] AndroidManifest.xml:7:5-43
MERGED from [com.sothree.slidinguppanel:library:3.0.0] AndroidManifest.xml:7:5-43
MERGED from [it.sephiroth.android.library.viewrevealanimator:view-reveal-animator:1.1.4] AndroidManifest.xml:7:5-9:41
MERGED from [it.sephiroth.android.library.viewrevealanimator:view-reveal-animator:1.1.4] AndroidManifest.xml:7:5-9:41
MERGED from [com.jakewharton.rxbinding:rxbinding-support-v4:0.4.0] AndroidManifest.xml:6:5-44
MERGED from [com.jakewharton.rxbinding:rxbinding-support-v4:0.4.0] AndroidManifest.xml:6:5-44
MERGED from [com.android.support:palette-v7:23.4.0] AndroidManifest.xml:20:5-43
MERGED from [com.android.support:palette-v7:23.4.0] AndroidManifest.xml:20:5-43
MERGED from [com.timehop.stickyheadersrecyclerview:library:0.4.3] AndroidManifest.xml:8:5-10:41
MERGED from [com.timehop.stickyheadersrecyclerview:library:0.4.3] AndroidManifest.xml:8:5-10:41
MERGED from [com.android.support:recyclerview-v7:23.4.0] AndroidManifest.xml:20:5-43
MERGED from [com.android.support:recyclerview-v7:23.4.0] AndroidManifest.xml:20:5-43
MERGED from [com.adobe.creativesdk.android.shared:android-shared:0.0.6] AndroidManifest.xml:8:5-10:41
MERGED from [com.adobe.creativesdk.android.shared:android-shared:0.0.6] AndroidManifest.xml:8:5-10:41
MERGED from [com.google.android.gms:play-services-base:8.4.0] AndroidManifest.xml:18:5-42
MERGED from [com.google.android.gms:play-services-base:8.4.0] AndroidManifest.xml:18:5-42
MERGED from [com.google.android.gms:play-services-basement:8.4.0] AndroidManifest.xml:18:5-42
MERGED from [com.google.android.gms:play-services-basement:8.4.0] AndroidManifest.xml:18:5-42
MERGED from [com.android.support:support-v4:24.2.1] AndroidManifest.xml:21:5-23:54
MERGED from [com.android.support:support-v4:24.2.1] AndroidManifest.xml:21:5-23:54
MERGED from [it.sephiroth.android.exif:android-exif-extended:1.0.6] AndroidManifest.xml:7:5-9:41
MERGED from [it.sephiroth.android.exif:android-exif-extended:1.0.6] AndroidManifest.xml:7:5-9:41
MERGED from [it.sephiroth.android.library.disklrumulticache:disklrumulticache:1.0.8] AndroidManifest.xml:8:5-10:41
MERGED from [it.sephiroth.android.library.disklrumulticache:disklrumulticache:1.0.8] AndroidManifest.xml:8:5-10:41
MERGED from [it.sephiroth.android.library.picasso:picasso:2.5.2.4b] AndroidManifest.xml:7:5-9:41
MERGED from [it.sephiroth.android.library.picasso:picasso:2.5.2.4b] AndroidManifest.xml:7:5-9:41
MERGED from [com.trello:rxlifecycle:0.6.1] AndroidManifest.xml:17:5-44
MERGED from [com.trello:rxlifecycle:0.6.1] AndroidManifest.xml:17:5-44
MERGED from [com.jakewharton.rxbinding:rxbinding:0.4.0] AndroidManifest.xml:6:5-44
MERGED from [com.jakewharton.rxbinding:rxbinding:0.4.0] AndroidManifest.xml:6:5-44
MERGED from [io.reactivex:rxandroid:1.2.0] AndroidManifest.xml:19:5-43
MERGED from [io.reactivex:rxandroid:1.2.0] AndroidManifest.xml:19:5-43
MERGED from [com.getbase:floatingactionbutton:1.10.0] AndroidManifest.xml:8:5-10:41
MERGED from [com.getbase:floatingactionbutton:1.10.0] AndroidManifest.xml:8:5-10:41
MERGED from [de.hdodenhof:circleimageview:2.0.0] AndroidManifest.xml:5:5-7:41
MERGED from [de.hdodenhof:circleimageview:2.0.0] AndroidManifest.xml:5:5-7:41
MERGED from [com.android.support:cardview-v7:23.4.0] AndroidManifest.xml:20:5-43
MERGED from [com.android.support:cardview-v7:23.4.0] AndroidManifest.xml:20:5-43
MERGED from [it.sephiroth.android.library.imagezoom:imagezoom:2.2.5] AndroidManifest.xml:7:5-9:41
MERGED from [it.sephiroth.android.library.imagezoom:imagezoom:2.2.5] AndroidManifest.xml:7:5-9:41
MERGED from [it.sephiroth.android.library.ab:ab-test:2.0.5] AndroidManifest.xml:7:5-9:41
MERGED from [it.sephiroth.android.library.ab:ab-test:2.0.5] AndroidManifest.xml:7:5-9:41
MERGED from [com.infstory:proguard-annotations:1.0.2] AndroidManifest.xml:7:5-9:41
MERGED from [com.infstory:proguard-annotations:1.0.2] AndroidManifest.xml:7:5-9:41
MERGED from [com.android.support:support-fragment:24.2.1] AndroidManifest.xml:21:5-23:60
MERGED from [com.android.support:support-fragment:24.2.1] AndroidManifest.xml:21:5-23:60
MERGED from [com.android.support:support-media-compat:24.2.1] AndroidManifest.xml:21:5-23:63
MERGED from [com.android.support:support-media-compat:24.2.1] AndroidManifest.xml:21:5-23:63
MERGED from [com.android.support:support-core-utils:24.2.1] AndroidManifest.xml:21:5-23:61
MERGED from [com.android.support:support-core-utils:24.2.1] AndroidManifest.xml:21:5-23:61
MERGED from [com.android.support:support-core-ui:24.2.1] AndroidManifest.xml:21:5-23:58
MERGED from [com.android.support:support-core-ui:24.2.1] AndroidManifest.xml:21:5-23:58
MERGED from [com.android.support:animated-vector-drawable:24.2.1] AndroidManifest.xml:20:5-44
MERGED from [com.android.support:animated-vector-drawable:24.2.1] AndroidManifest.xml:20:5-44
MERGED from [com.android.support:support-vector-drawable:24.2.1] AndroidManifest.xml:21:5-43
MERGED from [com.android.support:support-vector-drawable:24.2.1] AndroidManifest.xml:21:5-43
MERGED from [com.android.support:support-compat:24.2.1] AndroidManifest.xml:21:5-23:58
MERGED from [com.android.support:support-compat:24.2.1] AndroidManifest.xml:21:5-23:58
INJECTED from android/app/AndroidManifest.xml:37:5-39:41
	tools:overrideLibrary
		ADDED from [com.android.support:appcompat-v7:24.2.1] AndroidManifest.xml:23:9-75
	android:targetSdkVersion
		ADDED from android/app/AndroidManifest.xml:39:9-38
	android:minSdkVersion
		ADDED from android/app/AndroidManifest.xml:38:9-35
		INJECTED from android/app/AndroidManifest.xml
		INJECTED from android/app/AndroidManifest.xml
uses-permission#android.permission.WRITE_EXTERNAL_STORAGE
ADDED from android/app/AndroidManifest.xml:41:5-81
MERGED from [com.adobe.creativesdk:image:4.6.3] AndroidManifest.xml:20:5-81
MERGED from [com.adobe.creativesdk:image:4.6.3] AndroidManifest.xml:20:5-81
	android:name
		ADDED from android/app/AndroidManifest.xml:41:22-78
uses-permission#android.permission.VIBRATE
ADDED from android/app/AndroidManifest.xml:42:5-66
	android:name
		ADDED from android/app/AndroidManifest.xml:42:22-63
uses-permission#android.permission.READ_EXTERNAL_STORAGE
ADDED from [com.adobe.creativesdk:image:4.6.3] AndroidManifest.xml:21:5-80
IMPLIED from android/app/AndroidManifest.xml:2:1-43:12 reason: com.aviary.android.feather.sdk requested WRITE_EXTERNAL_STORAGE
	android:name
		ADDED from [com.adobe.creativesdk:image:4.6.3] AndroidManifest.xml:21:22-77
uses-permission#android.permission.BROADCAST_STICKY
ADDED from [com.adobe.creativesdk:image:4.6.3] AndroidManifest.xml:22:5-75
	android:name
		ADDED from [com.adobe.creativesdk:image:4.6.3] AndroidManifest.xml:22:22-72
uses-permission#android.permission.SEND_DOWNLOAD_COMPLETED_INTENTS
ADDED from [com.adobe.creativesdk:image:4.6.3] AndroidManifest.xml:23:5-90
	android:name
		ADDED from [com.adobe.creativesdk:image:4.6.3] AndroidManifest.xml:23:22-87
activity#com.adobe.creativesdk.aviary.AdobeImageEditorActivity
ADDED from [com.adobe.creativesdk:image:4.6.3] AndroidManifest.xml:30:9-59:20
	android:screenOrientation
		ADDED from [com.adobe.creativesdk:image:4.6.3] AndroidManifest.xml:34:13-52
	android:configChanges
		ADDED from [com.adobe.creativesdk:image:4.6.3] AndroidManifest.xml:32:13-74
	android:theme
		ADDED from [com.adobe.creativesdk:image:4.6.3] AndroidManifest.xml:35:13-62
	android:finishOnTaskLaunch
		ADDED from [com.adobe.creativesdk:image:4.6.3] AndroidManifest.xml:33:13-46
	android:name
		ADDED from [com.adobe.creativesdk:image:4.6.3] AndroidManifest.xml:31:13-81
intent-filter#android.intent.category.DEFAULT+aviary.intent.action.EDIT
ADDED from [com.adobe.creativesdk:image:4.6.3] AndroidManifest.xml:36:13-42:29
action#aviary.intent.action.EDIT
ADDED from [com.adobe.creativesdk:image:4.6.3] AndroidManifest.xml:37:17-68
	android:name
		ADDED from [com.adobe.creativesdk:image:4.6.3] AndroidManifest.xml:37:25-65
category#android.intent.category.DEFAULT
ADDED from [com.adobe.creativesdk:image:4.6.3] AndroidManifest.xml:39:17-76
	android:name
		ADDED from [com.adobe.creativesdk:image:4.6.3] AndroidManifest.xml:39:27-73
data
ADDED from [com.adobe.creativesdk:image:4.6.3] AndroidManifest.xml:41:17-52
	android:mimeType
		ADDED from [com.adobe.creativesdk:image:4.6.3] AndroidManifest.xml:41:23-49
service#com.adobe.creativesdk.aviary.internal.cds.CdsService
ADDED from [com.adobe.creativesdk:image:4.6.3] AndroidManifest.xml:67:9-77:19
	android:process
		ADDED from [com.adobe.creativesdk:image:4.6.3] AndroidManifest.xml:70:13-35
	android:exported
		ADDED from [com.adobe.creativesdk:image:4.6.3] AndroidManifest.xml:69:13-37
	android:name
		ADDED from [com.adobe.creativesdk:image:4.6.3] AndroidManifest.xml:68:13-80
intent-filter#aviary.intent.action.CDS_DOWNLOAD_START+aviary.intent.action.CDS_RESTORE_OWNED_PACKS+aviary.intent.action.CDS_RESTORE_USER_ITEMS+aviary.intent.action.CDS_VERIFY_SUBSCRIPTIONS
ADDED from [com.adobe.creativesdk:image:4.6.3] AndroidManifest.xml:71:13-76:29
action#aviary.intent.action.CDS_VERIFY_SUBSCRIPTIONS
ADDED from [com.adobe.creativesdk:image:4.6.3] AndroidManifest.xml:72:17-88
	android:name
		ADDED from [com.adobe.creativesdk:image:4.6.3] AndroidManifest.xml:72:25-85
action#aviary.intent.action.CDS_DOWNLOAD_START
ADDED from [com.adobe.creativesdk:image:4.6.3] AndroidManifest.xml:73:17-82
	android:name
		ADDED from [com.adobe.creativesdk:image:4.6.3] AndroidManifest.xml:73:25-79
action#aviary.intent.action.CDS_RESTORE_USER_ITEMS
ADDED from [com.adobe.creativesdk:image:4.6.3] AndroidManifest.xml:74:17-86
	android:name
		ADDED from [com.adobe.creativesdk:image:4.6.3] AndroidManifest.xml:74:25-83
action#aviary.intent.action.CDS_RESTORE_OWNED_PACKS
ADDED from [com.adobe.creativesdk:image:4.6.3] AndroidManifest.xml:75:17-87
	android:name
		ADDED from [com.adobe.creativesdk:image:4.6.3] AndroidManifest.xml:75:25-84
service#com.adobe.creativesdk.aviary.internal.cds.CdsAssetsDownloaderService
ADDED from [com.adobe.creativesdk:image:4.6.3] AndroidManifest.xml:78:9-85:19
	android:process
		ADDED from [com.adobe.creativesdk:image:4.6.3] AndroidManifest.xml:81:13-35
	android:exported
		ADDED from [com.adobe.creativesdk:image:4.6.3] AndroidManifest.xml:80:13-37
	android:name
		ADDED from [com.adobe.creativesdk:image:4.6.3] AndroidManifest.xml:79:13-96
intent-filter#aviary.intent.action.CDS_DOWNLOAD_EXTRA_ASSETS
ADDED from [com.adobe.creativesdk:image:4.6.3] AndroidManifest.xml:82:13-84:29
action#aviary.intent.action.CDS_DOWNLOAD_EXTRA_ASSETS
ADDED from [com.adobe.creativesdk:image:4.6.3] AndroidManifest.xml:83:17-89
	android:name
		ADDED from [com.adobe.creativesdk:image:4.6.3] AndroidManifest.xml:83:25-86
receiver#com.adobe.creativesdk.aviary.internal.cds.CdsReceiver
ADDED from [com.adobe.creativesdk:image:4.6.3] AndroidManifest.xml:91:9-104:20
	android:process
		ADDED from [com.adobe.creativesdk:image:4.6.3] AndroidManifest.xml:95:13-35
	android:exported
		ADDED from [com.adobe.creativesdk:image:4.6.3] AndroidManifest.xml:93:13-36
	android:permission
		ADDED from [com.adobe.creativesdk:image:4.6.3] AndroidManifest.xml:94:13-84
	android:name
		ADDED from [com.adobe.creativesdk:image:4.6.3] AndroidManifest.xml:92:13-81
intent-filter#android.intent.action.ACTION_POWER_CONNECTED+android.intent.action.ACTION_POWER_DISCONNECTED+android.intent.action.DOWNLOAD_COMPLETE+android.intent.action.MY_PACKAGE_REPLACED+android.net.wifi.STATE_CHANGE+aviary.android.cds.intent.action.ACTION_NOTIFICATION_DISMISS
ADDED from [com.adobe.creativesdk:image:4.6.3] AndroidManifest.xml:96:13-103:29
action#android.intent.action.DOWNLOAD_COMPLETE
ADDED from [com.adobe.creativesdk:image:4.6.3] AndroidManifest.xml:97:17-82
	android:name
		ADDED from [com.adobe.creativesdk:image:4.6.3] AndroidManifest.xml:97:25-79
action#android.net.wifi.STATE_CHANGE
ADDED from [com.adobe.creativesdk:image:4.6.3] AndroidManifest.xml:98:17-72
	android:name
		ADDED from [com.adobe.creativesdk:image:4.6.3] AndroidManifest.xml:98:25-69
action#android.intent.action.ACTION_POWER_CONNECTED
ADDED from [com.adobe.creativesdk:image:4.6.3] AndroidManifest.xml:99:17-87
	android:name
		ADDED from [com.adobe.creativesdk:image:4.6.3] AndroidManifest.xml:99:25-84
action#android.intent.action.ACTION_POWER_DISCONNECTED
ADDED from [com.adobe.creativesdk:image:4.6.3] AndroidManifest.xml:100:17-90
	android:name
		ADDED from [com.adobe.creativesdk:image:4.6.3] AndroidManifest.xml:100:25-87
action#android.intent.action.MY_PACKAGE_REPLACED
ADDED from [com.adobe.creativesdk:image:4.6.3] AndroidManifest.xml:101:17-84
	android:name
		ADDED from [com.adobe.creativesdk:image:4.6.3] AndroidManifest.xml:101:25-81
action#aviary.android.cds.intent.action.ACTION_NOTIFICATION_DISMISS
ADDED from [com.adobe.creativesdk:image:4.6.3] AndroidManifest.xml:102:17-103
	android:name
		ADDED from [com.adobe.creativesdk:image:4.6.3] AndroidManifest.xml:102:25-100
service#com.adobe.creativesdk.aviary.AdobeImageBillingService
ADDED from [com.adobe.creativesdk:image:4.6.3] AndroidManifest.xml:106:9-112:19
	android:exported
		ADDED from [com.adobe.creativesdk:image:4.6.3] AndroidManifest.xml:108:13-37
	android:name
		ADDED from [com.adobe.creativesdk:image:4.6.3] AndroidManifest.xml:107:13-81
intent-filter#aviary.intent.action.AVIARY_CONTENT_MANAGER
ADDED from [com.adobe.creativesdk:image:4.6.3] AndroidManifest.xml:109:13-111:29
action#aviary.intent.action.AVIARY_CONTENT_MANAGER
ADDED from [com.adobe.creativesdk:image:4.6.3] AndroidManifest.xml:110:17-86
	android:name